<?xml version="1.0" encoding="UTF-8"?>
<!-- Generated by org.testng.reporters.JUnitXMLReporter -->
<testsuite hostname="DESKTOP-4QSQSFA" ignored="0" name="Default test" tests="10" failures="0" timestamp="27 Oct 2020 21:45:25 GMT" time="9.678" errors="0">
  <testcase name="captureMessage" time="0.084" classname="fbregistration.TC_01_fbregistration"/>
  <testcase name="clickOnACCT" time="0.114" classname="fbregistration.TC_01_fbregistration"/>
  <testcase name="setBirthDay" time="0.72" classname="fbregistration.TC_01_fbregistration"/>
  <testcase name="setBirthMonth" time="0.175" classname="fbregistration.TC_01_fbregistration"/>
  <testcase name="setMobileN" time="0.18" classname="fbregistration.TC_01_fbregistration"/>
  <testcase name="setUserFName" time="0.184" classname="fbregistration.TC_01_fbregistration"/>
  <testcase name="setUserLastName" time="0.165" classname="fbregistration.TC_01_fbregistration"/>
  <testcase name="setUserPassword" time="0.114" classname="fbregistration.TC_01_fbregistration"/>
  <testcase name="setUserYear" time="0.136" classname="fbregistration.TC_01_fbregistration"/>
  <testcase name="verifyTitle2" time="0.012" classname="fbregistration.TC_01_fbregistration"/>
</testsuite> <!-- Default test -->
