<?xml version="1.0" encoding="UTF-8"?>
<testng-results skipped="0" failed="0" ignored="0" total="10" passed="10">
  <reporter-output>
  </reporter-output>
  <suite name="Default suite" duration-ms="9678" started-at="2020-10-27T21:45:15Z" finished-at="2020-10-27T21:45:25Z">
    <groups>
    </groups>
    <test name="Default test" duration-ms="9678" started-at="2020-10-27T21:45:15Z" finished-at="2020-10-27T21:45:25Z">
      <class name="fbregistration.TC_01_fbregistration">
        <test-method status="PASS" signature="initialization()[pri:0, instance:fbregistration.TC_01_fbregistration@66a3ffec]" name="initialization" is-config="true" duration-ms="7733" started-at="2020-10-27T21:45:15Z" finished-at="2020-10-27T21:45:23Z">
          <reporter-output>
          </reporter-output>
        </test-method> <!-- initialization -->
        <test-method status="PASS" signature="captureMessage()[pri:0, instance:fbregistration.TC_01_fbregistration@66a3ffec]" name="captureMessage" duration-ms="84" started-at="2020-10-27T21:45:23Z" finished-at="2020-10-27T21:45:23Z">
          <reporter-output>
          </reporter-output>
        </test-method> <!-- captureMessage -->
        <test-method status="PASS" signature="clickOnACCT()[pri:0, instance:fbregistration.TC_01_fbregistration@66a3ffec]" name="clickOnACCT" duration-ms="114" started-at="2020-10-27T21:45:23Z" finished-at="2020-10-27T21:45:23Z">
          <reporter-output>
          </reporter-output>
        </test-method> <!-- clickOnACCT -->
        <test-method status="PASS" signature="setBirthDay()[pri:0, instance:fbregistration.TC_01_fbregistration@66a3ffec]" name="setBirthDay" duration-ms="720" started-at="2020-10-27T21:45:23Z" finished-at="2020-10-27T21:45:24Z">
          <reporter-output>
          </reporter-output>
        </test-method> <!-- setBirthDay -->
        <test-method status="PASS" signature="setBirthMonth()[pri:0, instance:fbregistration.TC_01_fbregistration@66a3ffec]" name="setBirthMonth" duration-ms="175" started-at="2020-10-27T21:45:24Z" finished-at="2020-10-27T21:45:24Z">
          <reporter-output>
          </reporter-output>
        </test-method> <!-- setBirthMonth -->
        <test-method status="PASS" signature="setMobileN()[pri:0, instance:fbregistration.TC_01_fbregistration@66a3ffec]" name="setMobileN" duration-ms="180" started-at="2020-10-27T21:45:24Z" finished-at="2020-10-27T21:45:24Z">
          <reporter-output>
          </reporter-output>
        </test-method> <!-- setMobileN -->
        <test-method status="PASS" signature="setUserFName()[pri:0, instance:fbregistration.TC_01_fbregistration@66a3ffec]" name="setUserFName" duration-ms="184" started-at="2020-10-27T21:45:24Z" finished-at="2020-10-27T21:45:24Z">
          <reporter-output>
          </reporter-output>
        </test-method> <!-- setUserFName -->
        <test-method status="PASS" signature="setUserLastName()[pri:0, instance:fbregistration.TC_01_fbregistration@66a3ffec]" name="setUserLastName" duration-ms="165" started-at="2020-10-27T21:45:24Z" finished-at="2020-10-27T21:45:25Z">
          <reporter-output>
          </reporter-output>
        </test-method> <!-- setUserLastName -->
        <test-method status="PASS" signature="setUserPassword()[pri:0, instance:fbregistration.TC_01_fbregistration@66a3ffec]" name="setUserPassword" duration-ms="114" started-at="2020-10-27T21:45:25Z" finished-at="2020-10-27T21:45:25Z">
          <reporter-output>
          </reporter-output>
        </test-method> <!-- setUserPassword -->
        <test-method status="PASS" signature="setUserYear()[pri:0, instance:fbregistration.TC_01_fbregistration@66a3ffec]" name="setUserYear" duration-ms="136" started-at="2020-10-27T21:45:25Z" finished-at="2020-10-27T21:45:25Z">
          <reporter-output>
          </reporter-output>
        </test-method> <!-- setUserYear -->
        <test-method status="PASS" signature="verifyTitle2()[pri:0, instance:fbregistration.TC_01_fbregistration@66a3ffec]" name="verifyTitle2" duration-ms="12" started-at="2020-10-27T21:45:25Z" finished-at="2020-10-27T21:45:25Z">
          <reporter-output>
          </reporter-output>
        </test-method> <!-- verifyTitle2 -->
        <test-method status="PASS" signature="tearDown()[pri:0, instance:fbregistration.TC_01_fbregistration@66a3ffec]" name="tearDown" is-config="true" duration-ms="1" started-at="2020-10-27T21:45:25Z" finished-at="2020-10-27T21:45:25Z">
          <reporter-output>
          </reporter-output>
        </test-method> <!-- tearDown -->
      </class> <!-- fbregistration.TC_01_fbregistration -->
    </test> <!-- Default test -->
  </suite> <!-- Default suite -->
</testng-results>
